<?xml version="1.0" encoding="UTF-8"?>
<!-- Generated by org.testng.reporters.JUnitXMLReporter -->
<testsuite ignored="1" hostname="VISHAL" failures="0" tests="1" name="Default test" time="20.184" errors="0" timestamp="2023-05-15T21:40:10 IST">
  <testcase classname="SwiggyTestcases.LoginTestcase" name="tc001_validate_location" time="12.092"/>
  <testcase classname="SwiggyTestcases.LoginTestcase" name="validatesearchButton" time="0.0">
    <ignored/>
  </testcase> <!-- validatesearchButton -->
</testsuite> <!-- Default test -->
