<?xml version="1.0" encoding="UTF-8"?>
<testng-results ignored="1" total="2" passed="1" failed="0" skipped="0">
  <reporter-output>
  </reporter-output>
  <suite started-at="2023-05-15T21:39:50 IST" name="Default suite" finished-at="2023-05-15T21:40:10 IST" duration-ms="20184">
    <groups>
    </groups>
    <test started-at="2023-05-15T21:39:50 IST" name="Default test" finished-at="2023-05-15T21:40:10 IST" duration-ms="20184">
      <class name="SwiggyTestcases.LoginTestcase">
        <test-method is-config="true" signature="start()[pri:0, instance:SwiggyTestcases.LoginTestcase@4de4b452]" started-at="2023-05-15T21:39:50 IST" name="start" finished-at="2023-05-15T21:39:57 IST" duration-ms="7552" status="PASS">
          <reporter-output>
          </reporter-output>
        </test-method> <!-- start -->
        <test-method signature="tc001_validate_location()[pri:0, instance:SwiggyTestcases.LoginTestcase@4de4b452]" started-at="2023-05-15T21:39:57 IST" name="tc001_validate_location" finished-at="2023-05-15T21:40:09 IST" duration-ms="12092" status="PASS">
          <reporter-output>
          </reporter-output>
        </test-method> <!-- tc001_validate_location -->
        <test-method is-config="true" signature="closeUp()[pri:0, instance:SwiggyTestcases.LoginTestcase@4de4b452]" started-at="2023-05-15T21:40:09 IST" name="closeUp" finished-at="2023-05-15T21:40:10 IST" duration-ms="489" status="PASS">
          <reporter-output>
          </reporter-output>
        </test-method> <!-- closeUp -->
      </class> <!-- SwiggyTestcases.LoginTestcase -->
    </test> <!-- Default test -->
  </suite> <!-- Default suite -->
</testng-results>
